# JRE version: Java(TM) SE Runtime Environment (8.0_111-b14) (build 1.8.0_111-b14)
# Java VM: Java HotSpot(TM) 64-Bit Server VM (25.111-b14 mixed mode windows-amd64 compressed oops)
Heap:
 PSYoungGen      total 28672K, used 21810K [0x00000000d5d00000, 0x00000000d7e00000, 0x0000000100000000)
  eden space 23552K, 79% used [0x00000000d5d00000,0x00000000d6f59a88,0x00000000d7400000)
  from space 5120K, 58% used [0x00000000d7400000,0x00000000d76f3030,0x00000000d7900000)
  to   space 5120K, 0% used [0x00000000d7900000,0x00000000d7900000,0x00000000d7e00000)
 ParOldGen       total 87552K, used 30055K [0x0000000081600000, 0x0000000086b80000, 0x00000000d5d00000)
  object space 87552K, 34% used [0x0000000081600000,0x0000000083359cf8,0x0000000086b80000)
 Metaspace       used 18404K, capacity 18616K, committed 18944K, reserved 1067008K
  class space    used 2129K, capacity 2216K, committed 2304K, reserved 1048576K
GC Heap History (10 events):
Event: 84.447 GC heap before
{Heap before GC invocations=63 (full 0):
 PSYoungGen      total 28672K, used 26794K [0x00000000d5d00000, 0x00000000d7e00000, 0x0000000100000000)
  eden space 23552K, 97% used [0x00000000d5d00000,0x00000000d736e968,0x00000000d7400000)
  from space 5120K, 74% used [0x00000000d7900000,0x00000000d7cbc078,0x00000000d7e00000)
  to   space 5120K, 0% used [0x00000000d7400000,0x00000000d7400000,0x00000000d7900000)
 ParOldGen       total 87552K, used 29951K [0x0000000081600000, 0x0000000086b80000, 0x00000000d5d00000)
  object space 87552K, 34% used [0x0000000081600000,0x000000008333fcf8,0x0000000086b80000)
 Metaspace       used 18391K, capacity 18552K, committed 18688K, reserved 1064960K
  class space    used 2127K, capacity 2216K, committed 2304K, reserved 1048576K
Event: 84.447 GC heap after
Heap after GC invocations=63 (full 0):
 PSYoungGen      total 28672K, used 2892K [0x00000000d5d00000, 0x00000000d7e00000, 0x0000000100000000)
  eden space 23552K, 0% used [0x00000000d5d00000,0x00000000d5d00000,0x00000000d7400000)
  from space 5120K, 56% used [0x00000000d7400000,0x00000000d76d3030,0x00000000d7900000)
  to   space 5120K, 0% used [0x00000000d7900000,0x00000000d7900000,0x00000000d7e00000)
 ParOldGen       total 87552K, used 29959K [0x0000000081600000, 0x0000000086b80000, 0x00000000d5d00000)
  object space 87552K, 34% used [0x0000000081600000,0x0000000083341cf8,0x0000000086b80000)
 Metaspace       used 18391K, capacity 18552K, committed 18688K, reserved 1064960K
  class space    used 2127K, capacity 2216K, committed 2304K, reserved 1048576K
}
Event: 85.648 GC heap before
{Heap before GC invocations=64 (full 0):
 PSYoungGen      total 28672K, used 25864K [0x00000000d5d00000, 0x00000000d7e00000, 0x0000000100000000)
  eden space 23552K, 97% used [0x00000000d5d00000,0x00000000d736f1f0,0x00000000d7400000)
  from space 5120K, 56% used [0x00000000d7400000,0x00000000d76d3030,0x00000000d7900000)
  to   space 5120K, 0% used [0x00000000d7900000,0x00000000d7900000,0x00000000d7e00000)
 ParOldGen       total 87552K, used 29959K [0x0000000081600000, 0x0000000086b80000, 0x00000000d5d00000)
  object space 87552K, 34% used [0x0000000081600000,0x0000000083341cf8,0x0000000086b80000)
 Metaspace       used 18392K, capacity 18552K, committed 18688K, reserved 1064960K
  class space    used 2127K, capacity 2216K, committed 2304K, reserved 1048576K
Event: 85.649 GC heap after
Heap after GC invocations=64 (full 0):
 PSYoungGen      total 28672K, used 3920K [0x00000000d5d00000, 0x00000000d7e00000, 0x0000000100000000)
  eden space 23552K, 0% used [0x00000000d5d00000,0x00000000d5d00000,0x00000000d7400000)
  from space 5120K, 76% used [0x00000000d7900000,0x00000000d7cd4078,0x00000000d7e00000)
  to   space 5120K, 0% used [0x00000000d7400000,0x00000000d7400000,0x00000000d7900000)
 ParOldGen       total 87552K, used 29983K [0x0000000081600000, 0x0000000086b80000, 0x00000000d5d00000)
  object space 87552K, 34% used [0x0000000081600000,0x0000000083347cf8,0x0000000086b80000)
 Metaspace       used 18392K, capacity 18552K, committed 18688K, reserved 1064960K
  class space    used 2127K, capacity 2216K, committed 2304K, reserved 1048576K
}
Event: 86.943 GC heap before
{Heap before GC invocations=65 (full 0):
 PSYoungGen      total 28672K, used 26890K [0x00000000d5d00000, 0x00000000d7e00000, 0x0000000100000000)
  eden space 23552K, 97% used [0x00000000d5d00000,0x00000000d736e968,0x00000000d7400000)
  from space 5120K, 76% used [0x00000000d7900000,0x00000000d7cd4078,0x00000000d7e00000)
  to   space 5120K, 0% used [0x00000000d7400000,0x00000000d7400000,0x00000000d7900000)
 ParOldGen       total 87552K, used 29983K [0x0000000081600000, 0x0000000086b80000, 0x00000000d5d00000)
  object space 87552K, 34% used [0x0000000081600000,0x0000000083347cf8,0x0000000086b80000)
 Metaspace       used 18392K, capacity 18552K, committed 18688K, reserved 1064960K
  class space    used 2127K, capacity 2216K, committed 2304K, reserved 1048576K
Event: 86.944 GC heap after
Heap after GC invocations=65 (full 0):
 PSYoungGen      total 28672K, used 2988K [0x00000000d5d00000, 0x00000000d7e00000, 0x0000000100000000)
  eden space 23552K, 0% used [0x00000000d5d00000,0x00000000d5d00000,0x00000000d7400000)
  from space 5120K, 58% used [0x00000000d7400000,0x00000000d76eb030,0x00000000d7900000)
  to   space 5120K, 0% used [0x00000000d7900000,0x00000000d7900000,0x00000000d7e00000)
 ParOldGen       total 87552K, used 30023K [0x0000000081600000, 0x0000000086b80000, 0x00000000d5d00000)
  object space 87552K, 34% used [0x0000000081600000,0x0000000083351cf8,0x0000000086b80000)
 Metaspace       used 18392K, capacity 18552K, committed 18688K, reserved 1064960K
  class space    used 2127K, capacity 2216K, committed 2304K, reserved 1048576K
}
Event: 88.160 GC heap before
{Heap before GC invocations=66 (full 0):
 PSYoungGen      total 28672K, used 25958K [0x00000000d5d00000, 0x00000000d7e00000, 0x0000000100000000)
  eden space 23552K, 97% used [0x00000000d5d00000,0x00000000d736e9d8,0x00000000d7400000)
  from space 5120K, 58% used [0x00000000d7400000,0x00000000d76eb030,0x00000000d7900000)
  to   space 5120K, 0% used [0x00000000d7900000,0x00000000d7900000,0x00000000d7e00000)
 ParOldGen       total 87552K, used 30023K [0x0000000081600000, 0x0000000086b80000, 0x00000000d5d00000)
  object space 87552K, 34% used [0x0000000081600000,0x0000000083351cf8,0x0000000086b80000)
 Metaspace       used 18392K, capacity 18552K, committed 18688K, reserved 1064960K
  class space    used 2127K, capacity 2216K, committed 2304K, reserved 1048576K
Event: 88.161 GC heap after
Heap after GC invocations=66 (full 0):
 PSYoungGen      total 28672K, used 3792K [0x00000000d5d00000, 0x00000000d7e00000, 0x0000000100000000)
  eden space 23552K, 0% used [0x00000000d5d00000,0x00000000d5d00000,0x00000000d7400000)
  from space 5120K, 74% used [0x00000000d7900000,0x00000000d7cb4078,0x00000000d7e00000)
  to   space 5120K, 0% used [0x00000000d7400000,0x00000000d7400000,0x00000000d7900000)
 ParOldGen       total 87552K, used 30031K [0x0000000081600000, 0x0000000086b80000, 0x00000000d5d00000)
  object space 87552K, 34% used [0x0000000081600000,0x0000000083353cf8,0x0000000086b80000)
 Metaspace       used 18392K, capacity 18552K, committed 18688K, reserved 1064960K
  class space    used 2127K, capacity 2216K, committed 2304K, reserved 1048576K
}
Event: 89.454 GC heap before
{Heap before GC invocations=67 (full 0):
 PSYoungGen      total 28672K, used 26846K [0x00000000d5d00000, 0x00000000d7e00000, 0x0000000100000000)
  eden space 23552K, 97% used [0x00000000d5d00000,0x00000000d7383b18,0x00000000d7400000)
  from space 5120K, 74% used [0x00000000d7900000,0x00000000d7cb4078,0x00000000d7e00000)
  to   space 5120K, 0% used [0x00000000d7400000,0x00000000d7400000,0x00000000d7900000)
 ParOldGen       total 87552K, used 30031K [0x0000000081600000, 0x0000000086b80000, 0x00000000d5d00000)
  object space 87552K, 34% used [0x0000000081600000,0x0000000083353cf8,0x0000000086b80000)
 Metaspace       used 18392K, capacity 18552K, committed 18688K, reserved 1064960K
  class space    used 2127K, capacity 2216K, committed 2304K, reserved 1048576K
Event: 89.455 GC heap after
Heap after GC invocations=67 (full 0):
 PSYoungGen      total 28672K, used 3020K [0x00000000d5d00000, 0x00000000d7e00000, 0x0000000100000000)
  eden space 23552K, 0% used [0x00000000d5d00000,0x00000000d5d00000,0x00000000d7400000)
  from space 5120K, 58% used [0x00000000d7400000,0x00000000d76f3030,0x00000000d7900000)
  to   space 5120K, 0% used [0x00000000d7900000,0x00000000d7900000,0x00000000d7e00000)
 ParOldGen       total 87552K, used 30055K [0x0000000081600000, 0x0000000086b80000, 0x00000000d5d00000)
  object space 87552K, 34% used [0x0000000081600000,0x0000000083359cf8,0x0000000086b80000)
 Metaspace       used 18392K, capacity 18552K, committed 18688K, reserved 1064960K
  class space    used 2127K, capacity 2216K, committed 2304K, reserved 1048576K
}

