# JRE version: Java(TM) SE Runtime Environment (8.0_111-b14) (build 1.8.0_111-b14)
# Java VM: Java HotSpot(TM) 64-Bit Server VM (25.111-b14 mixed mode windows-amd64 compressed oops)
Heap:
 PSYoungGen      total 111616K, used 64365K [0x00000000d5d00000, 0x00000000ddb00000, 0x0000000100000000)
  eden space 105984K, 55% used [0x00000000d5d00000,0x00000000d969b3f8,0x00000000dc480000)
  from space 5632K, 95% used [0x00000000dd580000,0x00000000ddac0040,0x00000000ddb00000)
  to   space 10752K, 0% used [0x00000000dc600000,0x00000000dc600000,0x00000000dd080000)
 ParOldGen       total 87552K, used 12874K [0x0000000081600000, 0x0000000086b80000, 0x00000000d5d00000)
  object space 87552K, 14% used [0x0000000081600000,0x0000000082292950,0x0000000086b80000)
 Metaspace       used 18571K, capacity 18836K, committed 19200K, reserved 1067008K
  class space    used 2143K, capacity 2218K, committed 2304K, reserved 1048576K
GC Heap History (10 events):
Event: 9.591 GC heap before
{Heap before GC invocations=10 (full 0):
 PSYoungGen      total 136704K, used 136484K [0x00000000d5d00000, 0x00000000def00000, 0x0000000100000000)
  eden space 128000K, 100% used [0x00000000d5d00000,0x00000000dda00000,0x00000000dda00000)
  from space 8704K, 97% used [0x00000000ddf00000,0x00000000de749100,0x00000000de780000)
  to   space 7680K, 0% used [0x00000000de780000,0x00000000de780000,0x00000000def00000)
 ParOldGen       total 87552K, used 12466K [0x0000000081600000, 0x0000000086b80000, 0x00000000d5d00000)
  object space 87552K, 14% used [0x0000000081600000,0x000000008222c950,0x0000000086b80000)
 Metaspace       used 17998K, capacity 18164K, committed 18432K, reserved 1064960K
  class space    used 2124K, capacity 2186K, committed 2304K, reserved 1048576K
Event: 9.593 GC heap after
Heap after GC invocations=10 (full 0):
 PSYoungGen      total 130560K, used 7117K [0x00000000d5d00000, 0x00000000dee80000, 0x0000000100000000)
  eden space 123392K, 0% used [0x00000000d5d00000,0x00000000d5d00000,0x00000000dd580000)
  from space 7168K, 99% used [0x00000000de780000,0x00000000dee734a8,0x00000000dee80000)
  to   space 10752K, 0% used [0x00000000dd980000,0x00000000dd980000,0x00000000de400000)
 ParOldGen       total 87552K, used 12586K [0x0000000081600000, 0x0000000086b80000, 0x00000000d5d00000)
  object space 87552K, 14% used [0x0000000081600000,0x000000008224a950,0x0000000086b80000)
 Metaspace       used 17998K, capacity 18164K, committed 18432K, reserved 1064960K
  class space    used 2124K, capacity 2186K, committed 2304K, reserved 1048576K
}
Event: 11.269 GC heap before
{Heap before GC invocations=11 (full 0):
 PSYoungGen      total 130560K, used 129684K [0x00000000d5d00000, 0x00000000dee80000, 0x0000000100000000)
  eden space 123392K, 99% used [0x00000000d5d00000,0x00000000dd4b1ec8,0x00000000dd580000)
  from space 7168K, 99% used [0x00000000de780000,0x00000000dee734a8,0x00000000dee80000)
  to   space 10752K, 0% used [0x00000000dd980000,0x00000000dd980000,0x00000000de400000)
 ParOldGen       total 87552K, used 12586K [0x0000000081600000, 0x0000000086b80000, 0x00000000d5d00000)
  object space 87552K, 14% used [0x0000000081600000,0x000000008224a950,0x0000000086b80000)
 Metaspace       used 18143K, capacity 18388K, committed 18688K, reserved 1064960K
  class space    used 2140K, capacity 2218K, committed 2304K, reserved 1048576K
Event: 11.271 GC heap after
Heap after GC invocations=11 (full 0):
 PSYoungGen      total 124928K, used 5752K [0x00000000d5d00000, 0x00000000de800000, 0x0000000100000000)
  eden space 118784K, 0% used [0x00000000d5d00000,0x00000000d5d00000,0x00000000dd100000)
  from space 6144K, 93% used [0x00000000dd980000,0x00000000ddf1e060,0x00000000ddf80000)
  to   space 8704K, 0% used [0x00000000ddf80000,0x00000000ddf80000,0x00000000de800000)
 ParOldGen       total 87552K, used 12674K [0x0000000081600000, 0x0000000086b80000, 0x00000000d5d00000)
  object space 87552K, 14% used [0x0000000081600000,0x0000000082260950,0x0000000086b80000)
 Metaspace       used 18143K, capacity 18388K, committed 18688K, reserved 1064960K
  class space    used 2140K, capacity 2218K, committed 2304K, reserved 1048576K
}
Event: 13.077 GC heap before
{Heap before GC invocations=12 (full 0):
 PSYoungGen      total 124928K, used 124495K [0x00000000d5d00000, 0x00000000de800000, 0x0000000100000000)
  eden space 118784K, 99% used [0x00000000d5d00000,0x00000000dd0f5f78,0x00000000dd100000)
  from space 6144K, 93% used [0x00000000dd980000,0x00000000ddf1e060,0x00000000ddf80000)
  to   space 8704K, 0% used [0x00000000ddf80000,0x00000000ddf80000,0x00000000de800000)
 ParOldGen       total 87552K, used 12674K [0x0000000081600000, 0x0000000086b80000, 0x00000000d5d00000)
  object space 87552K, 14% used [0x0000000081600000,0x0000000082260950,0x0000000086b80000)
 Metaspace       used 18269K, capacity 18516K, committed 18688K, reserved 1064960K
  class space    used 2141K, capacity 2218K, committed 2304K, reserved 1048576K
Event: 13.079 GC heap after
Heap after GC invocations=12 (full 0):
 PSYoungGen      total 120832K, used 6652K [0x00000000d5d00000, 0x00000000de600000, 0x0000000100000000)
  eden space 114176K, 0% used [0x00000000d5d00000,0x00000000d5d00000,0x00000000dcc80000)
  from space 6656K, 99% used [0x00000000ddf80000,0x00000000de5ff0a8,0x00000000de600000)
  to   space 10240K, 0% used [0x00000000dd200000,0x00000000dd200000,0x00000000ddc00000)
 ParOldGen       total 87552K, used 12738K [0x0000000081600000, 0x0000000086b80000, 0x00000000d5d00000)
  object space 87552K, 14% used [0x0000000081600000,0x0000000082270950,0x0000000086b80000)
 Metaspace       used 18269K, capacity 18516K, committed 18688K, reserved 1064960K
  class space    used 2141K, capacity 2218K, committed 2304K, reserved 1048576K
}
Event: 15.621 GC heap before
{Heap before GC invocations=13 (full 0):
 PSYoungGen      total 120832K, used 120376K [0x00000000d5d00000, 0x00000000de600000, 0x0000000100000000)
  eden space 114176K, 99% used [0x00000000d5d00000,0x00000000dcc0f150,0x00000000dcc80000)
  from space 6656K, 99% used [0x00000000ddf80000,0x00000000de5ff0a8,0x00000000de600000)
  to   space 10240K, 0% used [0x00000000dd200000,0x00000000dd200000,0x00000000ddc00000)
 ParOldGen       total 87552K, used 12738K [0x0000000081600000, 0x0000000086b80000, 0x00000000d5d00000)
  object space 87552K, 14% used [0x0000000081600000,0x0000000082270950,0x0000000086b80000)
 Metaspace       used 18474K, capacity 18708K, committed 18944K, reserved 1067008K
  class space    used 2141K, capacity 2218K, committed 2304K, reserved 1048576K
Event: 15.623 GC heap after
Heap after GC invocations=13 (full 0):
 PSYoungGen      total 113664K, used 3490K [0x00000000d5d00000, 0x00000000de000000, 0x0000000100000000)
  eden space 110080K, 0% used [0x00000000d5d00000,0x00000000d5d00000,0x00000000dc880000)
  from space 3584K, 97% used [0x00000000dd200000,0x00000000dd568898,0x00000000dd580000)
  to   space 10752K, 0% used [0x00000000dd580000,0x00000000dd580000,0x00000000de000000)
 ParOldGen       total 87552K, used 12810K [0x0000000081600000, 0x0000000086b80000, 0x00000000d5d00000)
  object space 87552K, 14% used [0x0000000081600000,0x0000000082282950,0x0000000086b80000)
 Metaspace       used 18474K, capacity 18708K, committed 18944K, reserved 1067008K
  class space    used 2141K, capacity 2218K, committed 2304K, reserved 1048576K
}
Event: 17.431 GC heap before
{Heap before GC invocations=14 (full 0):
 PSYoungGen      total 113664K, used 112803K [0x00000000d5d00000, 0x00000000de000000, 0x0000000100000000)
  eden space 110080K, 99% used [0x00000000d5d00000,0x00000000dc7c03f0,0x00000000dc880000)
  from space 3584K, 97% used [0x00000000dd200000,0x00000000dd568898,0x00000000dd580000)
  to   space 10752K, 0% used [0x00000000dd580000,0x00000000dd580000,0x00000000de000000)
 ParOldGen       total 87552K, used 12810K [0x0000000081600000, 0x0000000086b80000, 0x00000000d5d00000)
  object space 87552K, 14% used [0x0000000081600000,0x0000000082282950,0x0000000086b80000)
 Metaspace       used 18518K, capacity 18772K, committed 18944K, reserved 1067008K
  class space    used 2141K, capacity 2218K, committed 2304K, reserved 1048576K
Event: 17.433 GC heap after
Heap after GC invocations=14 (full 0):
 PSYoungGen      total 111616K, used 5376K [0x00000000d5d00000, 0x00000000ddb00000, 0x0000000100000000)
  eden space 105984K, 0% used [0x00000000d5d00000,0x00000000d5d00000,0x00000000dc480000)
  from space 5632K, 95% used [0x00000000dd580000,0x00000000ddac0040,0x00000000ddb00000)
  to   space 10752K, 0% used [0x00000000dc600000,0x00000000dc600000,0x00000000dd080000)
 ParOldGen       total 87552K, used 12874K [0x0000000081600000, 0x0000000086b80000, 0x00000000d5d00000)
  object space 87552K, 14% used [0x0000000081600000,0x0000000082292950,0x0000000086b80000)
 Metaspace       used 18518K, capacity 18772K, committed 18944K, reserved 1067008K
  class space    used 2141K, capacity 2218K, committed 2304K, reserved 1048576K
}

